<?xml version="1.0" encoding="utf-8"?><testsuites><testsuite name="pytest" errors="0" failures="0" skipped="0" tests="21" time="64.721" timestamp="2022-10-04T11:39:11.829397" hostname="LAPTOP-19SGNJ2C"><testcase classname="test.test_add_contact" name="test_add_contact[None:;]" time="10.192" /><testcase classname="test.test_add_contact" name="test_add_contact[None:firstname0PkDLa S Y;lastnameDrUU imyCkxuOx]" time="3.002" /><testcase classname="test.test_add_contact" name="test_add_contact[None:firstname1hoqLwlt;lastnameKweAuidikQgvAhVauBw]" time="2.977" /><testcase classname="test.test_add_contact" name="test_add_contact[None:firstname2sGRpVSO;lastname]" time="2.978" /><testcase classname="test.test_add_contact" name="test_add_contact[None:firstname3hdSFwp;lastnameL cPyiJaACImGcxbPLj]" time="3.110" /><testcase classname="test.test_add_contact" name="test_add_contact[None:firstname4Dm;lastnameUK]" time="3.223" /><testcase classname="test.test_add_contact_to_group" name="test_add_contact_to_group" time="1.674" /><testcase classname="test.test_add_group" name="test_add_group[None:;;]" time="2.098" /><testcase classname="test.test_add_group" name="test_add_group[None:name0 STVLVlJ;headeredya;footeriXAQZ]" time="2.461" /><testcase classname="test.test_add_group" name="test_add_group[None:name1Q b;headerJii;footer]" time="3.204" /><testcase classname="test.test_add_group" name="test_add_group[None:name2OBedVY H;headerCNmc;footerI]" time="2.299" /><testcase classname="test.test_add_group" name="test_add_group[None:name3cgnvzG;headerPNoowII;footerdJx]" time="2.319" /><testcase classname="test.test_add_group" name="test_add_group[None:name4IQH;headerr;footerMNvx]" time="2.284" /><testcase classname="test.test_db_matches_ui" name="test_group_list" time="3.702" /><testcase classname="test.test_db_matches_ui" name="test_contact_list" time="2.031" /><testcase classname="test.test_del_contact" name="test_delete_random_contact" time="1.359" /><testcase classname="test.test_del_group" name="test_delete_random_group" time="1.224" /><testcase classname="test.test_delete_contact_from_group" name="test_delete_contact_to_group" time="2.695" /><testcase classname="test.test_edit_contact" name="test_edit_random_contact_firstname" time="2.577" /><testcase classname="test.test_edit_group" name="test_edit_group_name_by_id" time="2.852" /><testcase classname="test.test_phones" name="test_contact_attributes_on_home_page" time="6.179" /></testsuite></testsuites>